  Source.c
C:\Users\Administrator\Desktop\Sem9SDD_1064\Source.c(28,43): warning C4013: 'strlen' undefined; assuming extern returning int
C:\Users\Administrator\Desktop\Sem9SDD_1064\Source.c(29,8): warning C4013: 'strcpy' undefined; assuming extern returning int
C:\Users\Administrator\Desktop\Sem9SDD_1064\Source.c(34,18): warning C4133: '=': incompatible types - from 'nodArb *' to 'nodArb *'
C:\Users\Administrator\Desktop\Sem9SDD_1064\Source.c(35,19): warning C4133: '=': incompatible types - from 'nodArb *' to 'nodArb *'
C:\Users\Administrator\Desktop\Sem9SDD_1064\Source.c(45,41): warning C4133: 'function': incompatible types - from 'nodArb *' to 'nodArb *'
C:\Users\Administrator\Desktop\Sem9SDD_1064\Source.c(45,45): warning C4133: '=': incompatible types - from 'nodArb *' to 'nodArb *'
C:\Users\Administrator\Desktop\Sem9SDD_1064\Source.c(51,44): warning C4133: 'function': incompatible types - from 'nodArb *' to 'nodArb *'
C:\Users\Administrator\Desktop\Sem9SDD_1064\Source.c(51,48): warning C4133: '=': incompatible types - from 'nodArb *' to 'nodArb *'
C:\Users\Administrator\Desktop\Sem9SDD_1064\Source.c(69,24): warning C4133: 'function': incompatible types - from 'nodArb *' to 'nodArb *'
C:\Users\Administrator\Desktop\Sem9SDD_1064\Source.c(70,25): warning C4133: 'function': incompatible types - from 'nodArb *' to 'nodArb *'
C:\Users\Administrator\Desktop\Sem9SDD_1064\Source.c(79,23): warning C4133: 'function': incompatible types - from 'nodArb *' to 'nodArb *'
C:\Users\Administrator\Desktop\Sem9SDD_1064\Source.c(83,24): warning C4133: 'function': incompatible types - from 'nodArb *' to 'nodArb *'
C:\Users\Administrator\Desktop\Sem9SDD_1064\Source.c(92,25): warning C4133: 'function': incompatible types - from 'nodArb *' to 'nodArb *'
C:\Users\Administrator\Desktop\Sem9SDD_1064\Source.c(93,26): warning C4133: 'function': incompatible types - from 'nodArb *' to 'nodArb *'
C:\Users\Administrator\Desktop\Sem9SDD_1064\Source.c(115,25): warning C4133: 'function': incompatible types - from 'nodArb *' to 'nodArb *'
C:\Users\Administrator\Desktop\Sem9SDD_1064\Source.c(116,26): warning C4133: 'function': incompatible types - from 'nodArb *' to 'nodArb *'
C:\Users\Administrator\Desktop\Sem9SDD_1064\Source.c(137,35): warning C4133: 'function': incompatible types - from 'nodArb *' to 'nodArb *'
C:\Users\Administrator\Desktop\Sem9SDD_1064\Source.c(138,36): warning C4133: 'function': incompatible types - from 'nodArb *' to 'nodArb *'
C:\Users\Administrator\Desktop\Sem9SDD_1064\Source.c(147,29): warning C4133: 'function': incompatible types - from 'nodArb *' to 'nodArb *'
C:\Users\Administrator\Desktop\Sem9SDD_1064\Source.c(148,30): warning C4133: 'function': incompatible types - from 'nodArb *' to 'nodArb *'
C:\Users\Administrator\Desktop\Sem9SDD_1064\Source.c(157,21): warning C4133: '=': incompatible types - from 'nodArb *' to 'nodArb *'
C:\Users\Administrator\Desktop\Sem9SDD_1064\Source.c(162,24): warning C4133: '=': incompatible types - from 'nodArb *' to 'nodArb *'
C:\Users\Administrator\Desktop\Sem9SDD_1064\Source.c(168,21): warning C4133: '=': incompatible types - from 'nodArb *' to 'nodArb *'
C:\Users\Administrator\Desktop\Sem9SDD_1064\Source.c(160,1): warning C4133: 'initializing': incompatible types - from 'nodArb *' to 'nodArb *'
C:\Users\Administrator\Desktop\Sem9SDD_1064\Source.c(188,40): warning C4133: 'function': incompatible types - from 'nodArb *' to 'nodArb *'
C:\Users\Administrator\Desktop\Sem9SDD_1064\Source.c(188,55): warning C4133: '=': incompatible types - from 'nodArb *' to 'nodArb *'
C:\Users\Administrator\Desktop\Sem9SDD_1064\Source.c(193,42): warning C4133: 'function': incompatible types - from 'nodArb *' to 'nodArb *'
C:\Users\Administrator\Desktop\Sem9SDD_1064\Source.c(193,57): warning C4133: '=': incompatible types - from 'nodArb *' to 'nodArb *'
C:\Users\Administrator\Desktop\Sem9SDD_1064\Source.c(212,46): warning C4133: 'function': incompatible types - from 'nodArb *' to 'nodArb *'
C:\Users\Administrator\Desktop\Sem9SDD_1064\Source.c(212,76): warning C4133: 'function': incompatible types - from 'nodArb *' to 'nodArb *'
C:\Users\Administrator\Desktop\Sem9SDD_1064\Source.c(221,40): warning C4133: 'function': incompatible types - from 'nodArb *' to 'nodArb *'
C:\Users\Administrator\Desktop\Sem9SDD_1064\Source.c(221,70): warning C4133: 'function': incompatible types - from 'nodArb *' to 'nodArb *'
C:\Users\Administrator\Desktop\Sem9SDD_1064\Source.c(222,23): warning C4133: 'function': incompatible types - from 'nodArb *' to 'nodArb *'
C:\Users\Administrator\Desktop\Sem9SDD_1064\Source.c(223,24): warning C4133: 'function': incompatible types - from 'nodArb *' to 'nodArb *'
C:\Users\Administrator\Desktop\Sem9SDD_1064\Source.c(232,21): warning C4133: '=': incompatible types - from 'nodArb *' to 'nodArb *'
C:\Users\Administrator\Desktop\Sem9SDD_1064\Source.c(230,1): warning C4133: 'initializing': incompatible types - from 'nodArb *' to 'nodArb *'
C:\Users\Administrator\Desktop\Sem9SDD_1064\Source.c(242,20): warning C4133: '=': incompatible types - from 'nodArb *' to 'nodArb *'
C:\Users\Administrator\Desktop\Sem9SDD_1064\Source.c(240,1): warning C4133: 'initializing': incompatible types - from 'nodArb *' to 'nodArb *'
C:\Users\Administrator\Desktop\Sem9SDD_1064\Source.c(253,21): warning C4133: '=': incompatible types - from 'nodArb *' to 'nodArb *'
C:\Users\Administrator\Desktop\Sem9SDD_1064\Source.c(255,21): warning C4133: '=': incompatible types - from 'nodArb *' to 'nodArb *'
C:\Users\Administrator\Desktop\Sem9SDD_1064\Source.c(250,1): warning C4133: 'initializing': incompatible types - from 'nodArb *' to 'nodArb *'
C:\Users\Administrator\Desktop\Sem9SDD_1064\Source.c(251,1): warning C4133: 'initializing': incompatible types - from 'nodArb *' to 'nodArb *'
C:\Users\Administrator\Desktop\Sem9SDD_1064\Source.c(266,22): warning C4133: '=': incompatible types - from 'nodArb *' to 'nodArb *'
C:\Users\Administrator\Desktop\Sem9SDD_1064\Source.c(268,20): warning C4133: '=': incompatible types - from 'nodArb *' to 'nodArb *'
C:\Users\Administrator\Desktop\Sem9SDD_1064\Source.c(263,1): warning C4133: 'initializing': incompatible types - from 'nodArb *' to 'nodArb *'
C:\Users\Administrator\Desktop\Sem9SDD_1064\Source.c(264,1): warning C4133: 'initializing': incompatible types - from 'nodArb *' to 'nodArb *'
C:\Users\Administrator\Desktop\Sem9SDD_1064\Source.c(276,1): warning C4133: 'initializing': incompatible types - from 'nodArb *' to 'nodArb *'
C:\Users\Administrator\Desktop\Sem9SDD_1064\Source.c(277,1): warning C4133: 'initializing': incompatible types - from 'nodArb *' to 'nodArb *'
C:\Users\Administrator\Desktop\Sem9SDD_1064\Source.c(332,23): warning C4133: 'function': incompatible types - from 'nodArb *' to 'nodArb *'
C:\Users\Administrator\Desktop\Sem9SDD_1064\Source.c(334,24): warning C4133: 'function': incompatible types - from 'nodArb *' to 'nodArb *'
C:\Users\Administrator\Desktop\Sem9SDD_1064\Source.c(359,69): warning C4133: 'function': incompatible types - from 'nodArb *' to 'nodArb *'
C:\Users\Administrator\Desktop\Sem9SDD_1064\Source.c(360,70): warning C4133: 'function': incompatible types - from 'nodArb *' to 'nodArb *'
C:\Users\Administrator\Desktop\Sem9SDD_1064\Source.c(368,23): warning C4133: 'function': incompatible types - from 'nodArb *' to 'nodArb *'
C:\Users\Administrator\Desktop\Sem9SDD_1064\Source.c(370,24): warning C4133: 'function': incompatible types - from 'nodArb *' to 'nodArb *'
  Sem9SDD_1064.vcxproj -> C:\Users\Administrator\Desktop\Sem9SDD_1064\Debug\Sem9SDD_1064.exe
